

Microchip Technology PIC18 LITE Macro Assembler V1.44 build -154322312 
                                                                                               Sat Oct 27 11:03:33 2018

Microchip Technology Omniscient Code Generator v1.44 (Free mode) build 201709140600
     1                           	processor	18F46K22
     2                           	fnconf	rparam,??,?,0
     3                           	opt	pw 120
     4                           	opt	lm
     5                           	psect	cinit,global,reloc=2,class=CODE,delta=1
     6                           	psect	cstackCOMRAM,global,class=COMRAM,space=1,delta=1,noexec
     7                           	psect	text0,global,reloc=2,class=CODE,delta=1
     8                           	psect	text1,global,reloc=2,class=CODE,delta=1
     9                           	psect	intsave_regs,global,class=BIGRAM,space=1,delta=1,noexec
    10                           	psect	rparam,global,class=COMRAM,space=1,delta=1,noexec
    11  0000                     
    12                           ; Version 1.44
    13                           ; Generated 14/09/2017 GMT
    14                           ; 
    15                           ; Copyright © 2017, Microchip Technology Inc. and its subsidiaries ("Microchip")
    16                           ; All rights reserved.
    17                           ; 
    18                           ; This software is developed by Microchip Technology Inc. and its subsidiaries ("Microch
      +                          ip").
    19                           ; 
    20                           ; Redistribution and use in source and binary forms, with or without modification, are
    21                           ; permitted provided that the following conditions are met:
    22                           ; 
    23                           ;     1. Redistributions of source code must retain the above copyright notice, this lis
      +                          t of
    24                           ;        conditions and the following disclaimer.
    25                           ; 
    26                           ;     2. Redistributions in binary form must reproduce the above copyright notice, this 
      +                          list
    27                           ;        of conditions and the following disclaimer in the documentation and/or other
    28                           ;        materials provided with the distribution.
    29                           ; 
    30                           ;     3. Microchip's name may not be used to endorse or promote products derived from th
      +                          is
    31                           ;        software without specific prior written permission.
    32                           ; 
    33                           ; THIS SOFTWARE IS PROVIDED BY MICROCHIP "AS IS" AND ANY EXPRESS OR IMPLIED WARRANTIES,
    34                           ; INCLUDING, BUT NOT LIMITED TO, THE IMPLIED WARRANTIES OF MERCHANTABILITY AND FITNESS F
      +                          OR
    35                           ; PURPOSE ARE DISCLAIMED.  IN NO EVENT SHALL MICROCHIP BE LIABLE FOR ANY DIRECT, INDIREC
      +                          T,
    36                           ; INCIDENTAL, SPECIAL, EXEMPLARY, OR CONSEQUENTIAL DAMAGES (INCLUDING BUT NOT LIMITED TO
    37                           ; PROCUREMENT OF SUBSTITUTE GOODS OR SERVICES; LOSS OF USE, DATA OR PROFITS; OR BUSINESS
    38                           ; INTERRUPTION) HOWSOEVER CAUSED AND ON ANY THEORY OF LIABILITY, WHETHER IN CONTRACT, ST
      +                          RICT
    39                           ; LIABILITY, OR TORT (INCLUDING NEGLIGENCE OR OTHERWISE) ARISING IN ANY WAY OUT OF THE U
      +                          SE OF
    40                           ; THIS SOFTWARE, EVEN IF ADVISED OF THE POSSIBILITY OF SUCH DAMAGE.
    41                           ; 
    42                           ; 
    43                           ; Code-generator required, PIC18F46K22 Definitions
    44                           ; 
    45                           ; SFR Addresses
    46  0000                     _ANSELE	set	3900
    47  0000                     _ANSELD	set	3899
    48  0000                     _ANSELC	set	3898
    49  0000                     _ANSELB	set	3897
    50  0000                     _ANSELA	set	3896
    51  0000                     _TRISCbits	set	3988
    52  0000                     _LATE	set	3981
    53  0000                     _LATD	set	3980
    54  0000                     _LATC	set	3979
    55  0000                     _LATB	set	3978
    56  0000                     _LATA	set	3977
    57  0000                     _PORTE	set	3972
    58  0000                     _PORTD	set	3971
    59  0000                     _PORTC	set	3970
    60  0000                     _PORTB	set	3969
    61  0000                     _PORTA	set	3968
    62  0000                     _TRISE	set	3990
    63  0000                     _TRISD	set	3989
    64  0000                     _TRISC	set	3988
    65  0000                     _TRISB	set	3987
    66  0000                     _TRISA	set	3986
    67  0000                     _INTCONbits	set	4082
    68  0000                     _OSCTUNEbits	set	3995
    69  0000                     _OSCCONbits	set	4051
    70  0000                     _LATDbits	set	3980
    71                           
    72                           ; #config settings
    73  0000                     
    74                           	psect	cinit
    75  00FF56                     __pcinit:
    76                           	opt stack 0
    77  00FF56                     start_initialization:
    78                           	opt stack 0
    79  00FF56                     __initialization:
    80                           	opt stack 0
    81  00FF56                     end_of_initialization:
    82                           	opt stack 0
    83  00FF56                     __end_of__initialization:
    84                           	opt stack 0
    85  00FF56  0100               	movlb	0
    86  00FF58  EFAE  F07F         	goto	_main	;jump to C main() function
    87                           
    88                           	psect	cstackCOMRAM
    89  000001                     __pcstackCOMRAM:
    90                           	opt stack 0
    91  000001                     ??_config:
    92  000001                     
    93                           ; 1 bytes @ 0x0
    94  000001                     	ds	2
    95  000003                     ??_main:
    96                           
    97                           ; 1 bytes @ 0x2
    98  000003                     	ds	1
    99                           
   100 ;;
   101 ;;Main: autosize = 0, tempsize = 1, incstack = 0, save=0
   102 ;;
   103 ;; *************** function _main *****************
   104 ;; Defined at:
   105 ;;		line 14 in file "main.c"
   106 ;; Parameters:    Size  Location     Type
   107 ;;		None
   108 ;; Auto vars:     Size  Location     Type
   109 ;;		None
   110 ;; Return value:  Size  Location     Type
   111 ;;                  1    wreg      void 
   112 ;; Registers used:
   113 ;;		wreg, status,2, cstack
   114 ;; Tracked objects:
   115 ;;		On entry : 0/0
   116 ;;		On exit  : 0/0
   117 ;;		Unchanged: 0/0
   118 ;; Data sizes:     COMRAM   BANK0   BANK1   BANK2   BANK3   BANK4   BANK5   BANK6   BANK7   BANK8   BANK9  BANK10  BANK1
      +1  BANK12  BANK13  BANK14  BANK15
   119 ;;      Params:         0       0       0       0       0       0       0       0       0       0       0       0       
      +0       0       0       0       0
   120 ;;      Locals:         0       0       0       0       0       0       0       0       0       0       0       0       
      +0       0       0       0       0
   121 ;;      Temps:          1       0       0       0       0       0       0       0       0       0       0       0       
      +0       0       0       0       0
   122 ;;      Totals:         1       0       0       0       0       0       0       0       0       0       0       0       
      +0       0       0       0       0
   123 ;;Total ram usage:        1 bytes
   124 ;; Hardware stack levels required when called:    1
   125 ;; This function calls:
   126 ;;		_config
   127 ;; This function is called by:
   128 ;;		Startup code after reset
   129 ;; This function uses a non-reentrant model
   130 ;;
   131                           
   132                           	psect	text0
   133  00FF5C                     __ptext0:
   134                           	opt stack 0
   135  00FF5C                     _main:
   136                           	opt stack 30
   137                           
   138                           ;main.c: 15: config();
   139                           
   140                           ;incstack = 0
   141  00FF5C  ECC3  F07F         	call	_config	;wreg free
   142  00FF60                     
   143                           ;main.c: 18: {
   144                           ;main.c: 19: LATDbits.LATD0=1;
   145  00FF60  808C               	bsf	3980,0,c	;volatile
   146                           
   147                           ;main.c: 20: _delay((unsigned long)((1)*(64000000/4000.0)));
   148  00FF62  0E15               	movlw	21
   149  00FF64  6E03               	movwf	??_main& (0+255),c
   150  00FF66  0EC6               	movlw	198
   151  00FF68                     u17:
   152  00FF68  2EE8               	decfsz	wreg,f,c
   153  00FF6A  D7FE               	bra	u17
   154  00FF6C  2E03               	decfsz	??_main& (0+255),f,c
   155  00FF6E  D7FC               	bra	u17
   156  00FF70  D000               	nop2	
   157                           
   158                           ;main.c: 21: LATDbits.LATD0=0;
   159  00FF72  908C               	bcf	3980,0,c	;volatile
   160                           
   161                           ;main.c: 22: _delay((unsigned long)((1)*(64000000/4000.0)));
   162  00FF74  0E15               	movlw	21
   163  00FF76  6E03               	movwf	??_main& (0+255),c
   164  00FF78  0EC6               	movlw	198
   165  00FF7A                     u27:
   166  00FF7A  2EE8               	decfsz	wreg,f,c
   167  00FF7C  D7FE               	bra	u27
   168  00FF7E  2E03               	decfsz	??_main& (0+255),f,c
   169  00FF80  D7FC               	bra	u27
   170  00FF82  D000               	nop2	
   171  00FF84  D7ED               	goto	l11
   172  00FF86                     __end_of_main:
   173                           	opt stack 0
   174                           wreg	equ	0xFE8
   175                           
   176 ;; *************** function _config *****************
   177 ;; Defined at:
   178 ;;		line 14 in file "config.c"
   179 ;; Parameters:    Size  Location     Type
   180 ;;		None
   181 ;; Auto vars:     Size  Location     Type
   182 ;;		None
   183 ;; Return value:  Size  Location     Type
   184 ;;                  1    wreg      void 
   185 ;; Registers used:
   186 ;;		wreg, status,2
   187 ;; Tracked objects:
   188 ;;		On entry : 0/0
   189 ;;		On exit  : 0/0
   190 ;;		Unchanged: 0/0
   191 ;; Data sizes:     COMRAM   BANK0   BANK1   BANK2   BANK3   BANK4   BANK5   BANK6   BANK7   BANK8   BANK9  BANK10  BANK1
      +1  BANK12  BANK13  BANK14  BANK15
   192 ;;      Params:         0       0       0       0       0       0       0       0       0       0       0       0       
      +0       0       0       0       0
   193 ;;      Locals:         0       0       0       0       0       0       0       0       0       0       0       0       
      +0       0       0       0       0
   194 ;;      Temps:          2       0       0       0       0       0       0       0       0       0       0       0       
      +0       0       0       0       0
   195 ;;      Totals:         2       0       0       0       0       0       0       0       0       0       0       0       
      +0       0       0       0       0
   196 ;;Total ram usage:        2 bytes
   197 ;; Hardware stack levels used:    1
   198 ;; This function calls:
   199 ;;		Nothing
   200 ;; This function is called by:
   201 ;;		_main
   202 ;; This function uses a non-reentrant model
   203 ;;
   204                           
   205                           	psect	text1
   206  00FF86                     __ptext1:
   207                           	opt stack 0
   208  00FF86                     _config:
   209                           	opt stack 30
   210                           
   211                           ;config.c: 17: OSCCONbits.IRCF0=1;
   212                           
   213                           ;incstack = 0
   214  00FF86  88D3               	bsf	4051,4,c	;volatile
   215                           
   216                           ;config.c: 18: OSCCONbits.IRCF1=1;
   217  00FF88  8AD3               	bsf	4051,5,c	;volatile
   218                           
   219                           ;config.c: 19: OSCCONbits.IRCF2=1;
   220  00FF8A  8CD3               	bsf	4051,6,c	;volatile
   221                           
   222                           ;config.c: 20: OSCTUNEbits.PLLEN = 1;
   223  00FF8C  8C9B               	bsf	3995,6,c	;volatile
   224                           
   225                           ;config.c: 21: INTCONbits.GIE=0;
   226  00FF8E  9EF2               	bcf	intcon,7,c	;volatile
   227                           
   228                           ;config.c: 23: ANSELA=0X00;
   229  00FF90  0E00               	movlw	0
   230  00FF92  010F               	movlb	15	; () banked
   231  00FF94  6F38               	movwf	56,b	;volatile
   232                           
   233                           ;config.c: 24: ANSELB=0X00;
   234  00FF96  0E00               	movlw	0
   235  00FF98  6F39               	movwf	57,b	;volatile
   236                           
   237                           ;config.c: 25: ANSELC=0X00;
   238  00FF9A  0E00               	movlw	0
   239  00FF9C  6F3A               	movwf	58,b	;volatile
   240                           
   241                           ;config.c: 26: ANSELD=0X00;
   242  00FF9E  0E00               	movlw	0
   243  00FFA0  6F3B               	movwf	59,b	;volatile
   244                           
   245                           ;config.c: 27: ANSELE=0X00;
   246  00FFA2  0E00               	movlw	0
   247  00FFA4  6F3C               	movwf	60,b	;volatile
   248                           
   249                           ;config.c: 28: TRISA=0X00;
   250  00FFA6  0E00               	movlw	0
   251  00FFA8  6E92               	movwf	3986,c	;volatile
   252                           
   253                           ;config.c: 29: TRISB=0X00;
   254  00FFAA  0E00               	movlw	0
   255  00FFAC  6E93               	movwf	3987,c	;volatile
   256                           
   257                           ;config.c: 30: TRISC=0X00;
   258  00FFAE  0E00               	movlw	0
   259  00FFB0  6E94               	movwf	3988,c	;volatile
   260                           
   261                           ;config.c: 31: TRISD=0X00;
   262  00FFB2  0E00               	movlw	0
   263  00FFB4  6E95               	movwf	3989,c	;volatile
   264                           
   265                           ;config.c: 32: TRISE=0X00;
   266  00FFB6  0E00               	movlw	0
   267  00FFB8  6E96               	movwf	3990,c	;volatile
   268                           
   269                           ;config.c: 33: PORTA=0X00;
   270  00FFBA  0E00               	movlw	0
   271  00FFBC  6E80               	movwf	3968,c	;volatile
   272                           
   273                           ;config.c: 34: PORTB=0X00;
   274  00FFBE  0E00               	movlw	0
   275  00FFC0  6E81               	movwf	3969,c	;volatile
   276                           
   277                           ;config.c: 35: PORTC=0X00;
   278  00FFC2  0E00               	movlw	0
   279  00FFC4  6E82               	movwf	3970,c	;volatile
   280                           
   281                           ;config.c: 36: PORTD=0X00;
   282  00FFC6  0E00               	movlw	0
   283  00FFC8  6E83               	movwf	3971,c	;volatile
   284                           
   285                           ;config.c: 37: PORTE=0X00;
   286  00FFCA  0E00               	movlw	0
   287  00FFCC  6E84               	movwf	3972,c	;volatile
   288                           
   289                           ;config.c: 38: LATA=0X00;
   290  00FFCE  0E00               	movlw	0
   291  00FFD0  6E89               	movwf	3977,c	;volatile
   292                           
   293                           ;config.c: 39: LATB=0X00;
   294  00FFD2  0E00               	movlw	0
   295  00FFD4  6E8A               	movwf	3978,c	;volatile
   296                           
   297                           ;config.c: 40: LATC=0X00;
   298  00FFD6  0E00               	movlw	0
   299  00FFD8  6E8B               	movwf	3979,c	;volatile
   300                           
   301                           ;config.c: 41: LATD=0X00;
   302  00FFDA  0E00               	movlw	0
   303  00FFDC  6E8C               	movwf	3980,c	;volatile
   304                           
   305                           ;config.c: 42: LATE=0X00;
   306  00FFDE  0E00               	movlw	0
   307  00FFE0  6E8D               	movwf	3981,c	;volatile
   308                           
   309                           ; BSR set to: 15
   310                           ;config.c: 44: TRISCbits.TRISC3=1;
   311  00FFE2  8694               	bsf	3988,3,c	;volatile
   312                           
   313                           ; BSR set to: 15
   314                           ;config.c: 45: TRISCbits.TRISC4=1;
   315  00FFE4  8894               	bsf	3988,4,c	;volatile
   316                           
   317                           ; BSR set to: 15
   318                           ;config.c: 47: _delay((unsigned long)((100)*(64000000/4000.0)));
   319  00FFE6  0E09               	movlw	9
   320  00FFE8  6E02               	movwf	(??_config+1)& (0+255),c
   321  00FFEA  0E1E               	movlw	30
   322  00FFEC  6E01               	movwf	??_config& (0+255),c
   323  00FFEE  0EE4               	movlw	228
   324  00FFF0                     u37:
   325  00FFF0  2EE8               	decfsz	wreg,f,c
   326  00FFF2  D7FE               	bra	u37
   327  00FFF4  2E01               	decfsz	??_config& (0+255),f,c
   328  00FFF6  D7FC               	bra	u37
   329  00FFF8  2E02               	decfsz	(??_config+1)& (0+255),f,c
   330  00FFFA  D7FA               	bra	u37
   331  00FFFC  D000               	nop2	
   332  00FFFE  0012               	return		;funcret
   333  010000                     __end_of_config:
   334                           	opt stack 0
   335  0000                     intcon	equ	0xFF2
   336                           wreg	equ	0xFE8
   337                           intcon	equ	0xFF2
   338                           wreg	equ	0xFE8
   339                           
   340                           	psect	rparam
   341  0000                     intcon	equ	0xFF2
   342                           wreg	equ	0xFE8


Data Sizes:
    Strings     0
    Constant    0
    Data        0
    BSS         0
    Persistent  0
    Stack       0

Auto Spaces:
    Space          Size  Autos    Used
    COMRAM           95      3       3
    BANK0           160      0       0
    BANK1           256      0       0
    BANK2           256      0       0
    BANK3           256      0       0
    BANK4           256      0       0
    BANK5           256      0       0
    BANK6           256      0       0
    BANK7           256      0       0
    BANK8           256      0       0
    BANK9           256      0       0
    BANK10          256      0       0
    BANK11          256      0       0
    BANK12          256      0       0
    BANK13          256      0       0
    BANK14          256      0       0
    BANK15           56      0       0

Pointer List with Targets:

    None.

Critical Paths under _main in COMRAM

    _main->_config

Critical Paths under _main in BANK0

    None.

Critical Paths under _main in BANK1

    None.

Critical Paths under _main in BANK2

    None.

Critical Paths under _main in BANK3

    None.

Critical Paths under _main in BANK4

    None.

Critical Paths under _main in BANK5

    None.

Critical Paths under _main in BANK6

    None.

Critical Paths under _main in BANK7

    None.

Critical Paths under _main in BANK8

    None.

Critical Paths under _main in BANK9

    None.

Critical Paths under _main in BANK10

    None.

Critical Paths under _main in BANK11

    None.

Critical Paths under _main in BANK12

    None.

Critical Paths under _main in BANK13

    None.

Critical Paths under _main in BANK14

    None.

Critical Paths under _main in BANK15

    None.

Call Graph Tables:

 ---------------------------------------------------------------------------------
 (Depth) Function   	        Calls       Base Space   Used Autos Params    Refs
 ---------------------------------------------------------------------------------
 (0) _main                                                 1     1      0       0
                                              2 COMRAM     1     1      0
                             _config
 ---------------------------------------------------------------------------------
 (1) _config                                               2     2      0       0
                                              0 COMRAM     2     2      0
 ---------------------------------------------------------------------------------
 Estimated maximum stack depth 1
 ---------------------------------------------------------------------------------

 Call Graph Graphs:

 _main (ROOT)
   _config

 Address spaces:
Name               Size   Autos  Total    Cost      Usage
BITCOMRAM           5F      0       0       0        0.0%
EEDATA             400      0       0       0        0.0%
NULL                 0      0       0       0        0.0%
CODE                 0      0       0       0        0.0%
COMRAM              5F      3       3       1        3.2%
STACK                0      0       0       2        0.0%
DATA                 0      0       0       3        0.0%
BITBANK0            A0      0       0       4        0.0%
BANK0               A0      0       0       5        0.0%
BITBANK1           100      0       0       6        0.0%
BANK1              100      0       0       7        0.0%
BITBANK2           100      0       0       8        0.0%
BANK2              100      0       0       9        0.0%
BITBANK3           100      0       0      10        0.0%
BANK3              100      0       0      11        0.0%
ABS                  0      0       0      12        0.0%
BITBANK4           100      0       0      13        0.0%
BANK4              100      0       0      14        0.0%
BITBANK5           100      0       0      15        0.0%
BANK5              100      0       0      16        0.0%
BITBANK6           100      0       0      17        0.0%
BANK6              100      0       0      18        0.0%
BITBANK7           100      0       0      19        0.0%
BANK7              100      0       0      20        0.0%
BITBANK8           100      0       0      21        0.0%
BANK8              100      0       0      22        0.0%
BITBANK9           100      0       0      23        0.0%
BANK9              100      0       0      24        0.0%
BITBANK10          100      0       0      25        0.0%
BANK10             100      0       0      26        0.0%
BITBANK11          100      0       0      27        0.0%
BANK11             100      0       0      28        0.0%
BITBANK12          100      0       0      29        0.0%
BANK12             100      0       0      30        0.0%
BITBANK13          100      0       0      31        0.0%
BANK13             100      0       0      32        0.0%
BITBANK14          100      0       0      33        0.0%
BANK14             100      0       0      34        0.0%
BITBANK15           38      0       0      35        0.0%
BANK15              38      0       0      36        0.0%
BIGRAM             F37      0       0      37        0.0%
BITSFR_1             0      0       0     200        0.0%
SFR_1                0      0       0     200        0.0%
BITSFR               0      0       0     200        0.0%
SFR                  0      0       0     200        0.0%


Microchip Technology PIC18 Macro Assembler V1.44 build -154322312 
Symbol Table                                                                                   Sat Oct 27 11:03:33 2018

                     l11 FF60                       u17 FF68                       u27 FF7A  
                     u37 FFF0             __CFG_CP0$OFF 000000             __CFG_CP1$OFF 000000  
           __CFG_CP2$OFF 000000             __CFG_CP3$OFF 000000             __CFG_CPB$OFF 000000  
           __CFG_CPD$OFF 000000                      wreg 000FE8             __CFG_LVP$OFF 000000  
                   _LATA 000F89                     _LATB 000F8A                     _LATC 000F8B  
                   _LATD 000F8C                     _LATE 000F8D                     _main FF5C  
          __CFG_BORV$190 000000                     start 0000            __CFG_IESO$OFF 000000  
           ___param_bank 000000                    ?_main 0001                    _PORTA 000F80  
                  _PORTB 000F81                    _PORTC 000F82                    _PORTD 000F83  
                  _PORTE 000F84                    _TRISA 000F92                    _TRISB 000F93  
                  _TRISC 000F94                    _TRISD 000F95                    _TRISE 000F96  
          __CFG_WRT0$OFF 000000            __CFG_WRT1$OFF 000000            __CFG_WRT2$OFF 000000  
          __CFG_WRT3$OFF 000000           __CFG_EBTR0$OFF 000000           __CFG_FCMEN$OFF 000000  
         __CFG_EBTR1$OFF 000000           __CFG_EBTR2$OFF 000000           __CFG_EBTR3$OFF 000000  
          __CFG_WRTB$OFF 000000            __CFG_WRTC$OFF 000000            __CFG_WRTD$OFF 000000  
         __CFG_EBTRB$OFF 000000       __CFG_MCLRE$EXTMCLR 000000           __CFG_BOREN$OFF 000000  
         __CFG_HFOFST$ON 000000          __initialization FF56             __end_of_main FF86  
                 ??_main 0003            __activetblptr 000000                   _ANSELA 000F38  
                 _ANSELB 000F39                   _ANSELC 000F3A                   _ANSELD 000F3B  
                 _ANSELE 000F3C           __CFG_WDTEN$OFF 000000           __CFG_XINST$OFF 000000  
                 _config FF86               __accesstop 0060  __end_of__initialization FF56  
        __CFG_PBADEN$OFF 000000            ___rparam_used 000001           __pcstackCOMRAM 0001  
        __CFG_PLLCFG$OFF 000000       __CFG_CCP2MX$PORTC1 000000       __CFG_CCP3MX$PORTB5 000000  
                ?_config 0001          __CFG_PWRTEN$OFF 000000                  __Hparam 0000  
                __Lparam 0000          __size_of_config 007A          __CFG_STVREN$OFF 000000  
                __pcinit FF56                  __ramtop 1000                  __ptext0 FF5C  
                __ptext1 FF86     end_of_initialization FF56                _TRISCbits 000F94  
         __end_of_config 0000      start_initialization FF56                 ??_config 0001  
       __CFG_PRICLKEN$ON 000000                 _LATDbits 000F8C         __CFG_WDTPS$32768 000000  
               __Hrparam 0000                 __Lrparam 0000        __CFG_P2BMX$PORTD2 000000  
          __size_of_main 002A              _OSCTUNEbits 000F9B               _INTCONbits 000FF2  
             _OSCCONbits 000FD3        __CFG_T3CMX$PORTC0 000000        __CFG_FOSC$INTIO67 000000  
